These are csv files used to create CAVE tables soma_aug2021 (& nuclei_aug2021).

nuc_info_Aug2021ver2.csv
soma_info_Aug2021ver5.csv

soma_info_Aug2021ver5.csv had 17076 rows of data (i.e., putative nuclei)
I run these codes on htem and I stored the results in /n/groups/htem/users/skuroda.
Please use rsync to transfer files betweenn your local and htem.

-------------
The results of Ran's segmentation are available below (as of August 2021).

  "nuclei_map_Aug2021": {
    "url": "precomputed://gs://ranl_scratch_zetta_30/neuroglancer/nuclei/1151e2a1f368dcac3bd9ebca7c5a0099",
    "resolution": "[4.3,4.3,45]"
  },
  "nuclei_seg_Aug2021": {
    "url": "precomputed://gs://ng_scratch_ranl_zetta_30/vnc1_full_v3align_2/realigned_v1/seg/84214f67075692a9e41c02d164b466ba",
    "resolution": "[4.3,4.3,45]"
  }

--------------
nuclei
nuc_info_Aug2021ver2.csv (stored in /n/groups/htem/users/skuroda/aug2021-2)

np.random.seed(123)
block_x = 256 # block size in mip4 (72x72x45)
block_y = 256
block_z = 256
skip_y = block_y*288
thres_s = 0.7
thres_x_min = 20
thres_y_min = 20 
thres_z_min = 40 
thres_x_max = None
thres_y_max = None
thres_z_max = None

python3.6 -c "import get_nuc; get_nuc.run_local('task_get_nuc_info')" -c 10 -p 20
./list_missing.sh 13985 block bin
python3.6 -c "import get_nuc; get_nuc.run_local('task_get_nuc_info')" -c 10 -p 20 -i ~/missing.txt
python3.6 -c "import get_nuc; get_nuc.run_local('task_merge_within_block', count_data=True)" -p 20
python3.6 -c "import get_nuc; get_nuc.run_local('task_merge_across_block', count_data=True)" -p 20
python3.6 -c "import get_nuc; get_nuc.run_local('task_apply_size_threshold')"

--------------
somas
soma_info_Aug2021ver5.csv (stored in /n/groups/htem/users/skuroda/aug2021-5s)

np.random.seed(123)
window_coef = 2

python3.6 -c "import nuc2soma; nuc2soma.run_local('task_get_surrounding')" -c 200 -p 20
./list_missing.sh 17075 nuc bin
python3.6 -c "import nuc2soma; nuc2soma.run_local('task_get_surrounding')" -c 200 -p 20 -i ~/missing.txt
python3.6 -c "import nuc2soma; nuc2soma.run_local('task_save')" -p 20